<?xml version="1.0" encoding="UTF-8"?>
<!-- Generated by org.testng.reporters.JUnitXMLReporter -->
<testsuite ignored="0" hostname="DESKTOP-UBD90KK" failures="0" tests="3" name="Surefire test" time="0.062" errors="0" timestamp="2026-05-20T16:16:39 IST">
  <testcase classname="pgm1.ResultTest" name="testFail" time="0.009"/>
  <testcase classname="pgm1.ResultTest" name="testInvalid" time="0.001"/>
  <testcase classname="pgm1.ResultTest" name="testPass" time="0.0"/>
</testsuite> <!-- Surefire test -->
