<?xml version="1.0" encoding="UTF-8"?>
<!-- Generated by org.testng.reporters.JUnitXMLReporter -->
<testsuite ignored="0" hostname="DESKTOP-UBD90KK" failures="0" tests="3" name="Surefire test" time="0.073" errors="0" timestamp="2026-04-25T15:56:07 IST">
  <testcase classname="pgm1.ResultTest" name="testFail" time="0.014"/>
  <testcase classname="pgm1.ResultTest" name="testInvalid" time="0.0"/>
  <testcase classname="pgm1.ResultTest" name="testPass" time="0.001"/>
</testsuite> <!-- Surefire test -->
