<?xml version="1.0" encoding="UTF-8"?>
<!-- Generated by org.testng.reporters.JUnitReportReporter -->
<testsuite hostname="DESKTOP-UBD90KK" failures="0" tests="3" name="pgm1.ResultTest" time="0.010" errors="0" timestamp="2026-05-20T16:16:39 IST" skipped="0">
  <testcase classname="pgm1.ResultTest" name="testInvalid" time="0.001"/>
  <system-out/>
  <testcase classname="pgm1.ResultTest" name="testPass" time="0.000"/>
  <system-out/>
  <testcase classname="pgm1.ResultTest" name="testFail" time="0.009"/>
  <system-out/>
</testsuite> <!-- pgm1.ResultTest -->
